
CondaSystemExit: Exiting.



==> WARNING: A newer version of conda exists. <==
  current version: 4.10.1
  latest version: 23.11.0

Please update conda by running

    $ conda update -n base -c defaults conda


Traceback (most recent call last):
  File "/srv/home/cjdunbar/ALPACA/ME759/SequentionalQlearnCPP.py", line 98, in <module>
    next_observation, reward, terminated, truncated, info = env.step(action)
                                                            ^^^^^^^^^^^^^^^^
  File "/srv/home/cjdunbar/.conda/envs/final_project/lib/python3.11/site-packages/gymnasium/wrappers/time_limit.py", line 57, in step
    observation, reward, terminated, truncated, info = self.env.step(action)
                                                       ^^^^^^^^^^^^^^^^^^^^^
  File "/srv/home/cjdunbar/.conda/envs/final_project/lib/python3.11/site-packages/gymnasium/wrappers/order_enforcing.py", line 56, in step
    return self.env.step(action)
           ^^^^^^^^^^^^^^^^^^^^^
  File "/srv/home/cjdunbar/.conda/envs/final_project/lib/python3.11/site-packages/gymnasium/wrappers/env_checker.py", line 49, in step
    return env_step_passive_checker(self.env, action)
           ^^^^^^^^^^^^^^^^^^^^^^^^^^^^^^^^^^^^^^^^^^
  File "/srv/home/cjdunbar/.conda/envs/final_project/lib/python3.11/site-packages/gymnasium/utils/passive_env_checker.py", line 208, in env_step_passive_checker
    result = env.step(action)
             ^^^^^^^^^^^^^^^^
  File "/srv/home/cjdunbar/.conda/envs/final_project/lib/python3.11/site-packages/gymnasium/envs/classic_control/acrobotCdyn.py", line 218, in step
    ns = rk4(self._dsdt, s_augmented, [0, self.dt])
         ^^^^^^^^^^^^^^^^^^^^^^^^^^^^^^^^^^^^^^^^^^
  File "/srv/home/cjdunbar/.conda/envs/final_project/lib/python3.11/site-packages/gymnasium/envs/classic_control/acrobotCdyn.py", line 435, in rk4
    k1 = np.asarray(derivs(y0))
                    ^^^^^^^^^^
  File "/srv/home/cjdunbar/.conda/envs/final_project/lib/python3.11/site-packages/gymnasium/envs/classic_control/acrobotCdyn.py", line 251, in _dsdt
    output = [float(n) for n in dsdt]
             ^^^^^^^^^^^^^^^^^^^^^^^^
  File "/srv/home/cjdunbar/.conda/envs/final_project/lib/python3.11/site-packages/gymnasium/envs/classic_control/acrobotCdyn.py", line 251, in <listcomp>
    output = [float(n) for n in dsdt]
              ^^^^^^^^
ValueError: could not convert string to float: ''
Process Process-3:
Traceback (most recent call last):
  File "/srv/home/cjdunbar/.conda/envs/final_project/lib/python3.11/multiprocessing/process.py", line 314, in _bootstrap
    self.run()
  File "/srv/home/cjdunbar/.conda/envs/final_project/lib/python3.11/multiprocessing/process.py", line 108, in run
    self._target(*self._args, **self._kwargs)
  File "/srv/home/cjdunbar/ALPACA/ME759/ParallelQlearnCPP.py", line 75, in episode_func
    next_observation, reward, terminated, truncated, info = env.step(action)
                                                            ^^^^^^^^^^^^^^^^
  File "/srv/home/cjdunbar/.conda/envs/final_project/lib/python3.11/site-packages/gymnasium/wrappers/time_limit.py", line 57, in step
    observation, reward, terminated, truncated, info = self.env.step(action)
                                                       ^^^^^^^^^^^^^^^^^^^^^
  File "/srv/home/cjdunbar/.conda/envs/final_project/lib/python3.11/site-packages/gymnasium/wrappers/order_enforcing.py", line 56, in step
    return self.env.step(action)
           ^^^^^^^^^^^^^^^^^^^^^
  File "/srv/home/cjdunbar/.conda/envs/final_project/lib/python3.11/site-packages/gymnasium/wrappers/env_checker.py", line 49, in step
    return env_step_passive_checker(self.env, action)
           ^^^^^^^^^^^^^^^^^^^^^^^^^^^^^^^^^^^^^^^^^^
  File "/srv/home/cjdunbar/.conda/envs/final_project/lib/python3.11/site-packages/gymnasium/utils/passive_env_checker.py", line 208, in env_step_passive_checker
    result = env.step(action)
             ^^^^^^^^^^^^^^^^
  File "/srv/home/cjdunbar/.conda/envs/final_project/lib/python3.11/site-packages/gymnasium/envs/classic_control/acrobotCdyn.py", line 218, in step
    ns = rk4(self._dsdt, s_augmented, [0, self.dt])
         ^^^^^^^^^^^^^^^^^^^^^^^^^^^^^^^^^^^^^^^^^^
  File "/srv/home/cjdunbar/.conda/envs/final_project/lib/python3.11/site-packages/gymnasium/envs/classic_control/acrobotCdyn.py", line 435, in rk4
    k1 = np.asarray(derivs(y0))
                    ^^^^^^^^^^
  File "/srv/home/cjdunbar/.conda/envs/final_project/lib/python3.11/site-packages/gymnasium/envs/classic_control/acrobotCdyn.py", line 251, in _dsdt
    output = [float(n) for n in dsdt]
             ^^^^^^^^^^^^^^^^^^^^^^^^
  File "/srv/home/cjdunbar/.conda/envs/final_project/lib/python3.11/site-packages/gymnasium/envs/classic_control/acrobotCdyn.py", line 251, in <listcomp>
    output = [float(n) for n in dsdt]
              ^^^^^^^^
ValueError: could not convert string to float: ''
Process Process-6:
Process Process-5:
Traceback (most recent call last):
Traceback (most recent call last):
Process Process-4:
  File "/srv/home/cjdunbar/.conda/envs/final_project/lib/python3.11/multiprocessing/process.py", line 314, in _bootstrap
    self.run()
  File "/srv/home/cjdunbar/.conda/envs/final_project/lib/python3.11/multiprocessing/process.py", line 108, in run
    self._target(*self._args, **self._kwargs)
  File "/srv/home/cjdunbar/ALPACA/ME759/ParallelQlearnCPP.py", line 75, in episode_func
    next_observation, reward, terminated, truncated, info = env.step(action)
                                                            ^^^^^^^^^^^^^^^^
  File "/srv/home/cjdunbar/.conda/envs/final_project/lib/python3.11/site-packages/gymnasium/wrappers/time_limit.py", line 57, in step
    observation, reward, terminated, truncated, info = self.env.step(action)
                                                       ^^^^^^^^^^^^^^^^^^^^^
  File "/srv/home/cjdunbar/.conda/envs/final_project/lib/python3.11/site-packages/gymnasium/wrappers/order_enforcing.py", line 56, in step
    return self.env.step(action)
           ^^^^^^^^^^^^^^^^^^^^^
  File "/srv/home/cjdunbar/.conda/envs/final_project/lib/python3.11/site-packages/gymnasium/wrappers/env_checker.py", line 49, in step
    return env_step_passive_checker(self.env, action)
           ^^^^^^^^^^^^^^^^^^^^^^^^^^^^^^^^^^^^^^^^^^
  File "/srv/home/cjdunbar/.conda/envs/final_project/lib/python3.11/site-packages/gymnasium/utils/passive_env_checker.py", line 208, in env_step_passive_checker
    result = env.step(action)
             ^^^^^^^^^^^^^^^^
  File "/srv/home/cjdunbar/.conda/envs/final_project/lib/python3.11/site-packages/gymnasium/envs/classic_control/acrobotCdyn.py", line 218, in step
    ns = rk4(self._dsdt, s_augmented, [0, self.dt])
         ^^^^^^^^^^^^^^^^^^^^^^^^^^^^^^^^^^^^^^^^^^
  File "/srv/home/cjdunbar/.conda/envs/final_project/lib/python3.11/site-packages/gymnasium/envs/classic_control/acrobotCdyn.py", line 435, in rk4
    k1 = np.asarray(derivs(y0))
                    ^^^^^^^^^^
  File "/srv/home/cjdunbar/.conda/envs/final_project/lib/python3.11/site-packages/gymnasium/envs/classic_control/acrobotCdyn.py", line 251, in _dsdt
    output = [float(n) for n in dsdt]
             ^^^^^^^^^^^^^^^^^^^^^^^^
  File "/srv/home/cjdunbar/.conda/envs/final_project/lib/python3.11/site-packages/gymnasium/envs/classic_control/acrobotCdyn.py", line 251, in <listcomp>
    output = [float(n) for n in dsdt]
              ^^^^^^^^
ValueError: could not convert string to float: ''
Traceback (most recent call last):
  File "/srv/home/cjdunbar/.conda/envs/final_project/lib/python3.11/multiprocessing/process.py", line 314, in _bootstrap
    self.run()
  File "/srv/home/cjdunbar/.conda/envs/final_project/lib/python3.11/multiprocessing/process.py", line 108, in run
    self._target(*self._args, **self._kwargs)
  File "/srv/home/cjdunbar/ALPACA/ME759/ParallelQlearnCPP.py", line 75, in episode_func
    next_observation, reward, terminated, truncated, info = env.step(action)
                                                            ^^^^^^^^^^^^^^^^
  File "/srv/home/cjdunbar/.conda/envs/final_project/lib/python3.11/site-packages/gymnasium/wrappers/time_limit.py", line 57, in step
    observation, reward, terminated, truncated, info = self.env.step(action)
                                                       ^^^^^^^^^^^^^^^^^^^^^
  File "/srv/home/cjdunbar/.conda/envs/final_project/lib/python3.11/site-packages/gymnasium/wrappers/order_enforcing.py", line 56, in step
    return self.env.step(action)
           ^^^^^^^^^^^^^^^^^^^^^
  File "/srv/home/cjdunbar/.conda/envs/final_project/lib/python3.11/site-packages/gymnasium/wrappers/env_checker.py", line 49, in step
    return env_step_passive_checker(self.env, action)
           ^^^^^^^^^^^^^^^^^^^^^^^^^^^^^^^^^^^^^^^^^^
  File "/srv/home/cjdunbar/.conda/envs/final_project/lib/python3.11/site-packages/gymnasium/utils/passive_env_checker.py", line 208, in env_step_passive_checker
    result = env.step(action)
             ^^^^^^^^^^^^^^^^
  File "/srv/home/cjdunbar/.conda/envs/final_project/lib/python3.11/site-packages/gymnasium/envs/classic_control/acrobotCdyn.py", line 218, in step
    ns = rk4(self._dsdt, s_augmented, [0, self.dt])
         ^^^^^^^^^^^^^^^^^^^^^^^^^^^^^^^^^^^^^^^^^^
  File "/srv/home/cjdunbar/.conda/envs/final_project/lib/python3.11/site-packages/gymnasium/envs/classic_control/acrobotCdyn.py", line 435, in rk4
    k1 = np.asarray(derivs(y0))
                    ^^^^^^^^^^
  File "/srv/home/cjdunbar/.conda/envs/final_project/lib/python3.11/site-packages/gymnasium/envs/classic_control/acrobotCdyn.py", line 251, in _dsdt
    output = [float(n) for n in dsdt]
             ^^^^^^^^^^^^^^^^^^^^^^^^
  File "/srv/home/cjdunbar/.conda/envs/final_project/lib/python3.11/site-packages/gymnasium/envs/classic_control/acrobotCdyn.py", line 251, in <listcomp>
    output = [float(n) for n in dsdt]
              ^^^^^^^^
ValueError: could not convert string to float: ''
  File "/srv/home/cjdunbar/.conda/envs/final_project/lib/python3.11/multiprocessing/process.py", line 314, in _bootstrap
    self.run()
  File "/srv/home/cjdunbar/.conda/envs/final_project/lib/python3.11/multiprocessing/process.py", line 108, in run
    self._target(*self._args, **self._kwargs)
  File "/srv/home/cjdunbar/ALPACA/ME759/ParallelQlearnCPP.py", line 75, in episode_func
    next_observation, reward, terminated, truncated, info = env.step(action)
                                                            ^^^^^^^^^^^^^^^^
  File "/srv/home/cjdunbar/.conda/envs/final_project/lib/python3.11/site-packages/gymnasium/wrappers/time_limit.py", line 57, in step
    observation, reward, terminated, truncated, info = self.env.step(action)
                                                       ^^^^^^^^^^^^^^^^^^^^^
  File "/srv/home/cjdunbar/.conda/envs/final_project/lib/python3.11/site-packages/gymnasium/wrappers/order_enforcing.py", line 56, in step
    return self.env.step(action)
           ^^^^^^^^^^^^^^^^^^^^^
  File "/srv/home/cjdunbar/.conda/envs/final_project/lib/python3.11/site-packages/gymnasium/wrappers/env_checker.py", line 49, in step
    return env_step_passive_checker(self.env, action)
           ^^^^^^^^^^^^^^^^^^^^^^^^^^^^^^^^^^^^^^^^^^
  File "/srv/home/cjdunbar/.conda/envs/final_project/lib/python3.11/site-packages/gymnasium/utils/passive_env_checker.py", line 208, in env_step_passive_checker
    result = env.step(action)
             ^^^^^^^^^^^^^^^^
  File "/srv/home/cjdunbar/.conda/envs/final_project/lib/python3.11/site-packages/gymnasium/envs/classic_control/acrobotCdyn.py", line 218, in step
    ns = rk4(self._dsdt, s_augmented, [0, self.dt])
         ^^^^^^^^^^^^^^^^^^^^^^^^^^^^^^^^^^^^^^^^^^
  File "/srv/home/cjdunbar/.conda/envs/final_project/lib/python3.11/site-packages/gymnasium/envs/classic_control/acrobotCdyn.py", line 435, in rk4
    k1 = np.asarray(derivs(y0))
                    ^^^^^^^^^^
  File "/srv/home/cjdunbar/.conda/envs/final_project/lib/python3.11/site-packages/gymnasium/envs/classic_control/acrobotCdyn.py", line 251, in _dsdt
    output = [float(n) for n in dsdt]
             ^^^^^^^^^^^^^^^^^^^^^^^^
  File "/srv/home/cjdunbar/.conda/envs/final_project/lib/python3.11/site-packages/gymnasium/envs/classic_control/acrobotCdyn.py", line 251, in <listcomp>
    output = [float(n) for n in dsdt]
              ^^^^^^^^
ValueError: could not convert string to float: ''
Process Process-10:
Traceback (most recent call last):
  File "/srv/home/cjdunbar/.conda/envs/final_project/lib/python3.11/multiprocessing/process.py", line 314, in _bootstrap
    self.run()
  File "/srv/home/cjdunbar/.conda/envs/final_project/lib/python3.11/multiprocessing/process.py", line 108, in run
    self._target(*self._args, **self._kwargs)
  File "/srv/home/cjdunbar/ALPACA/ME759/ParallelQlearnCPP.py", line 75, in episode_func
    next_observation, reward, terminated, truncated, info = env.step(action)
                                                            ^^^^^^^^^^^^^^^^
  File "/srv/home/cjdunbar/.conda/envs/final_project/lib/python3.11/site-packages/gymnasium/wrappers/time_limit.py", line 57, in step
    observation, reward, terminated, truncated, info = self.env.step(action)
                                                       ^^^^^^^^^^^^^^^^^^^^^
  File "/srv/home/cjdunbar/.conda/envs/final_project/lib/python3.11/site-packages/gymnasium/wrappers/order_enforcing.py", line 56, in step
    return self.env.step(action)
           ^^^^^^^^^^^^^^^^^^^^^
  File "/srv/home/cjdunbar/.conda/envs/final_project/lib/python3.11/site-packages/gymnasium/wrappers/env_checker.py", line 49, in step
    return env_step_passive_checker(self.env, action)
           ^^^^^^^^^^^^^^^^^^^^^^^^^^^^^^^^^^^^^^^^^^
  File "/srv/home/cjdunbar/.conda/envs/final_project/lib/python3.11/site-packages/gymnasium/utils/passive_env_checker.py", line 208, in env_step_passive_checker
    result = env.step(action)
             ^^^^^^^^^^^^^^^^
  File "/srv/home/cjdunbar/.conda/envs/final_project/lib/python3.11/site-packages/gymnasium/envs/classic_control/acrobotCdyn.py", line 218, in step
    ns = rk4(self._dsdt, s_augmented, [0, self.dt])
         ^^^^^^^^^^^^^^^^^^^^^^^^^^^^^^^^^^^^^^^^^^
  File "/srv/home/cjdunbar/.conda/envs/final_project/lib/python3.11/site-packages/gymnasium/envs/classic_control/acrobotCdyn.py", line 435, in rk4
    k1 = np.asarray(derivs(y0))
                    ^^^^^^^^^^
  File "/srv/home/cjdunbar/.conda/envs/final_project/lib/python3.11/site-packages/gymnasium/envs/classic_control/acrobotCdyn.py", line 251, in _dsdt
    output = [float(n) for n in dsdt]
             ^^^^^^^^^^^^^^^^^^^^^^^^
  File "/srv/home/cjdunbar/.conda/envs/final_project/lib/python3.11/site-packages/gymnasium/envs/classic_control/acrobotCdyn.py", line 251, in <listcomp>
    output = [float(n) for n in dsdt]
              ^^^^^^^^
ValueError: could not convert string to float: ''
Process Process-8:
Traceback (most recent call last):
  File "/srv/home/cjdunbar/.conda/envs/final_project/lib/python3.11/multiprocessing/process.py", line 314, in _bootstrap
    self.run()
  File "/srv/home/cjdunbar/.conda/envs/final_project/lib/python3.11/multiprocessing/process.py", line 108, in run
    self._target(*self._args, **self._kwargs)
  File "/srv/home/cjdunbar/ALPACA/ME759/ParallelQlearnCPP.py", line 75, in episode_func
    next_observation, reward, terminated, truncated, info = env.step(action)
                                                            ^^^^^^^^^^^^^^^^
  File "/srv/home/cjdunbar/.conda/envs/final_project/lib/python3.11/site-packages/gymnasium/wrappers/time_limit.py", line 57, in step
    observation, reward, terminated, truncated, info = self.env.step(action)
                                                       ^^^^^^^^^^^^^^^^^^^^^
  File "/srv/home/cjdunbar/.conda/envs/final_project/lib/python3.11/site-packages/gymnasium/wrappers/order_enforcing.py", line 56, in step
    return self.env.step(action)
           ^^^^^^^^^^^^^^^^^^^^^
  File "/srv/home/cjdunbar/.conda/envs/final_project/lib/python3.11/site-packages/gymnasium/wrappers/env_checker.py", line 49, in step
    return env_step_passive_checker(self.env, action)
           ^^^^^^^^^^^^^^^^^^^^^^^^^^^^^^^^^^^^^^^^^^
  File "/srv/home/cjdunbar/.conda/envs/final_project/lib/python3.11/site-packages/gymnasium/utils/passive_env_checker.py", line 208, in env_step_passive_checker
    result = env.step(action)
             ^^^^^^^^^^^^^^^^
  File "/srv/home/cjdunbar/.conda/envs/final_project/lib/python3.11/site-packages/gymnasium/envs/classic_control/acrobotCdyn.py", line 218, in step
    ns = rk4(self._dsdt, s_augmented, [0, self.dt])
         ^^^^^^^^^^^^^^^^^^^^^^^^^^^^^^^^^^^^^^^^^^
  File "/srv/home/cjdunbar/.conda/envs/final_project/lib/python3.11/site-packages/gymnasium/envs/classic_control/acrobotCdyn.py", line 435, in rk4
    k1 = np.asarray(derivs(y0))
                    ^^^^^^^^^^
  File "/srv/home/cjdunbar/.conda/envs/final_project/lib/python3.11/site-packages/gymnasium/envs/classic_control/acrobotCdyn.py", line 251, in _dsdt
    output = [float(n) for n in dsdt]
             ^^^^^^^^^^^^^^^^^^^^^^^^
  File "/srv/home/cjdunbar/.conda/envs/final_project/lib/python3.11/site-packages/gymnasium/envs/classic_control/acrobotCdyn.py", line 251, in <listcomp>
    output = [float(n) for n in dsdt]
              ^^^^^^^^
ValueError: could not convert string to float: ''
Process Process-7:
Process Process-9:
Traceback (most recent call last):
  File "/srv/home/cjdunbar/.conda/envs/final_project/lib/python3.11/multiprocessing/process.py", line 314, in _bootstrap
    self.run()
  File "/srv/home/cjdunbar/.conda/envs/final_project/lib/python3.11/multiprocessing/process.py", line 108, in run
    self._target(*self._args, **self._kwargs)
  File "/srv/home/cjdunbar/ALPACA/ME759/ParallelQlearnCPP.py", line 75, in episode_func
    next_observation, reward, terminated, truncated, info = env.step(action)
                                                            ^^^^^^^^^^^^^^^^
  File "/srv/home/cjdunbar/.conda/envs/final_project/lib/python3.11/site-packages/gymnasium/wrappers/time_limit.py", line 57, in step
    observation, reward, terminated, truncated, info = self.env.step(action)
                                                       ^^^^^^^^^^^^^^^^^^^^^
  File "/srv/home/cjdunbar/.conda/envs/final_project/lib/python3.11/site-packages/gymnasium/wrappers/order_enforcing.py", line 56, in step
    return self.env.step(action)
           ^^^^^^^^^^^^^^^^^^^^^
  File "/srv/home/cjdunbar/.conda/envs/final_project/lib/python3.11/site-packages/gymnasium/wrappers/env_checker.py", line 49, in step
    return env_step_passive_checker(self.env, action)
           ^^^^^^^^^^^^^^^^^^^^^^^^^^^^^^^^^^^^^^^^^^
  File "/srv/home/cjdunbar/.conda/envs/final_project/lib/python3.11/site-packages/gymnasium/utils/passive_env_checker.py", line 208, in env_step_passive_checker
    result = env.step(action)
             ^^^^^^^^^^^^^^^^
  File "/srv/home/cjdunbar/.conda/envs/final_project/lib/python3.11/site-packages/gymnasium/envs/classic_control/acrobotCdyn.py", line 218, in step
    ns = rk4(self._dsdt, s_augmented, [0, self.dt])
         ^^^^^^^^^^^^^^^^^^^^^^^^^^^^^^^^^^^^^^^^^^
  File "/srv/home/cjdunbar/.conda/envs/final_project/lib/python3.11/site-packages/gymnasium/envs/classic_control/acrobotCdyn.py", line 435, in rk4
    k1 = np.asarray(derivs(y0))
                    ^^^^^^^^^^
  File "/srv/home/cjdunbar/.conda/envs/final_project/lib/python3.11/site-packages/gymnasium/envs/classic_control/acrobotCdyn.py", line 251, in _dsdt
    output = [float(n) for n in dsdt]
             ^^^^^^^^^^^^^^^^^^^^^^^^
  File "/srv/home/cjdunbar/.conda/envs/final_project/lib/python3.11/site-packages/gymnasium/envs/classic_control/acrobotCdyn.py", line 251, in <listcomp>
    output = [float(n) for n in dsdt]
              ^^^^^^^^
ValueError: could not convert string to float: ''
Traceback (most recent call last):
  File "/srv/home/cjdunbar/.conda/envs/final_project/lib/python3.11/multiprocessing/process.py", line 314, in _bootstrap
    self.run()
  File "/srv/home/cjdunbar/.conda/envs/final_project/lib/python3.11/multiprocessing/process.py", line 108, in run
    self._target(*self._args, **self._kwargs)
  File "/srv/home/cjdunbar/ALPACA/ME759/ParallelQlearnCPP.py", line 75, in episode_func
    next_observation, reward, terminated, truncated, info = env.step(action)
                                                            ^^^^^^^^^^^^^^^^
  File "/srv/home/cjdunbar/.conda/envs/final_project/lib/python3.11/site-packages/gymnasium/wrappers/time_limit.py", line 57, in step
    observation, reward, terminated, truncated, info = self.env.step(action)
                                                       ^^^^^^^^^^^^^^^^^^^^^
  File "/srv/home/cjdunbar/.conda/envs/final_project/lib/python3.11/site-packages/gymnasium/wrappers/order_enforcing.py", line 56, in step
    return self.env.step(action)
           ^^^^^^^^^^^^^^^^^^^^^
  File "/srv/home/cjdunbar/.conda/envs/final_project/lib/python3.11/site-packages/gymnasium/wrappers/env_checker.py", line 49, in step
    return env_step_passive_checker(self.env, action)
           ^^^^^^^^^^^^^^^^^^^^^^^^^^^^^^^^^^^^^^^^^^
  File "/srv/home/cjdunbar/.conda/envs/final_project/lib/python3.11/site-packages/gymnasium/utils/passive_env_checker.py", line 208, in env_step_passive_checker
    result = env.step(action)
             ^^^^^^^^^^^^^^^^
  File "/srv/home/cjdunbar/.conda/envs/final_project/lib/python3.11/site-packages/gymnasium/envs/classic_control/acrobotCdyn.py", line 218, in step
    ns = rk4(self._dsdt, s_augmented, [0, self.dt])
         ^^^^^^^^^^^^^^^^^^^^^^^^^^^^^^^^^^^^^^^^^^
  File "/srv/home/cjdunbar/.conda/envs/final_project/lib/python3.11/site-packages/gymnasium/envs/classic_control/acrobotCdyn.py", line 435, in rk4
    k1 = np.asarray(derivs(y0))
                    ^^^^^^^^^^
  File "/srv/home/cjdunbar/.conda/envs/final_project/lib/python3.11/site-packages/gymnasium/envs/classic_control/acrobotCdyn.py", line 251, in _dsdt
    output = [float(n) for n in dsdt]
             ^^^^^^^^^^^^^^^^^^^^^^^^
  File "/srv/home/cjdunbar/.conda/envs/final_project/lib/python3.11/site-packages/gymnasium/envs/classic_control/acrobotCdyn.py", line 251, in <listcomp>
    output = [float(n) for n in dsdt]
              ^^^^^^^^
ValueError: could not convert string to float: ''
Traceback (most recent call last):
  File "/srv/home/cjdunbar/ALPACA/ME759/ParallelQlearnCPP.py", line 253, in <module>
    main(plotting_rewards, queue)
  File "/srv/home/cjdunbar/ALPACA/ME759/ParallelQlearnCPP.py", line 216, in main
    item = queue.get(block = False)
           ^^^^^^^^^^^^^^^^^^^^^^^^
  File "<string>", line 2, in get
  File "/srv/home/cjdunbar/.conda/envs/final_project/lib/python3.11/multiprocessing/managers.py", line 837, in _callmethod
    raise convert_to_error(kind, result)
_queue.Empty
